<?xml version="1.0" encoding="UTF-8"?>
<!-- Generated by org.testng.reporters.JUnitReportReporter -->
<testsuite hostname="Sureshyani" failures="0" tests="3" name="runner.Runner" time="28.000" errors="0" timestamp="2026-03-09T11:47:03 IST" skipped="0">
  <testcase classname="runner.Runner" name="runScenario" time="8.214"/>
  <testcase classname="runner.Runner" name="runScenario" time="10.763"/>
  <testcase classname="runner.Runner" name="runScenario" time="9.023"/>
</testsuite> <!-- runner.Runner -->
